2023-09-05 10:37:04,027 [MainThread  ] [INFO ]  http://localhost:5555/sparql?default-graph-uri=http://www.ratingsite8.fr/
2023-09-05 10:37:04,034 [MainThread  ] [INFO ]  http://localhost:5555/sparql?default-graph-uri=http://www.vendor5.fr/
2023-09-05 10:37:04,035 [MainThread  ] [INFO ]  http://localhost:5555/sparql?default-graph-uri=http://www.vendor8.fr/
2023-09-05 10:37:04,037 [MainThread  ] [INFO ]  http://localhost:5555/sparql?default-graph-uri=http://www.ratingsite1.fr/
2023-09-05 10:37:04,037 [MainThread  ] [INFO ]  http://localhost:5555/sparql?default-graph-uri=http://www.vendor4.fr/
2023-09-05 10:37:04,038 [MainThread  ] [INFO ]  http://localhost:5555/sparql?default-graph-uri=http://www.vendor2.fr/
2023-09-05 10:37:04,042 [MainThread  ] [INFO ]  http://localhost:5555/sparql?default-graph-uri=http://www.vendor9.fr/
2023-09-05 10:37:04,042 [MainThread  ] [INFO ]  http://localhost:5555/sparql?default-graph-uri=http://www.vendor7.fr/
2023-09-05 10:37:04,047 [MainThread  ] [INFO ]  http://localhost:5555/sparql?default-graph-uri=http://www.ratingsite0.fr/
2023-09-05 10:37:04,051 [MainThread  ] [INFO ]  http://www4.wiwiss.fu-berlin.de/bizer/bsbm/v01/vocabulary/Person
2023-09-05 10:37:04,051 [MainThread  ] [INFO ]  http://localhost:5555/sparql?default-graph-uri=http://www.ratingsite5.fr/
2023-09-05 10:37:04,055 [MainThread  ] [INFO ]  http://localhost:5555/sparql?default-graph-uri=http://www.vendor3.fr/
2023-09-05 10:37:04,053 [MainThread  ] [INFO ]  http://localhost:5555/sparql?default-graph-uri=http://www.ratingsite9.fr/
2023-09-05 10:37:04,063 [MainThread  ] [INFO ]  http://localhost:5555/sparql?default-graph-uri=http://www.ratingsite6.fr/
2023-09-05 10:37:04,067 [MainThread  ] [INFO ]  http://localhost:5555/sparql?default-graph-uri=http://www.vendor1.fr/
2023-09-05 10:37:04,069 [MainThread  ] [INFO ]  http://localhost:5555/sparql?default-graph-uri=http://www.vendor6.fr/
2023-09-05 10:37:04,070 [MainThread  ] [INFO ]  http://localhost:5555/sparql?default-graph-uri=http://www.vendor0.fr/
2023-09-05 10:37:04,072 [MainThread  ] [INFO ]  http://localhost:5555/sparql?default-graph-uri=http://www.ratingsite4.fr/
2023-09-05 10:37:04,074 [MainThread  ] [INFO ]  http://localhost:5555/sparql?default-graph-uri=http://www.ratingsite7.fr/
2023-09-05 10:37:04,078 [MainThread  ] [INFO ]  http://localhost:5555/sparql?default-graph-uri=http://www.ratingsite2.fr/
2023-09-05 10:37:04,080 [MainThread  ] [INFO ]  http://localhost:5555/sparql?default-graph-uri=http://www.ratingsite3.fr/
2023-09-05 10:37:04,141 [MainThread  ] [INFO ]  http://www4.wiwiss.fu-berlin.de/bizer/bsbm/v01/vocabulary/Producer
2023-09-05 10:37:04,310 [MainThread  ] [INFO ]  http://www4.wiwiss.fu-berlin.de/bizer/bsbm/v01/vocabulary/Producer
2023-09-05 10:37:04,314 [MainThread  ] [INFO ]  http://www4.wiwiss.fu-berlin.de/bizer/bsbm/v01/vocabulary/Offer
2023-09-05 10:37:04,320 [MainThread  ] [INFO ]  http://www4.wiwiss.fu-berlin.de/bizer/bsbm/v01/vocabulary/Offer
2023-09-05 10:37:04,322 [MainThread  ] [INFO ]  http://www4.wiwiss.fu-berlin.de/bizer/bsbm/v01/vocabulary/Product
2023-09-05 10:37:04,329 [MainThread  ] [INFO ]  http://www4.wiwiss.fu-berlin.de/bizer/bsbm/v01/vocabulary/Person
2023-09-05 10:37:04,416 [MainThread  ] [INFO ]  http://www4.wiwiss.fu-berlin.de/bizer/bsbm/v01/vocabulary/Producer
2023-09-05 10:37:04,496 [MainThread  ] [INFO ]  http://www4.wiwiss.fu-berlin.de/bizer/bsbm/v01/vocabulary/Offer
2023-09-05 10:37:04,499 [MainThread  ] [INFO ]  http://www4.wiwiss.fu-berlin.de/bizer/bsbm/v01/vocabulary/Producer
2023-09-05 10:37:04,499 [MainThread  ] [INFO ]  http://www4.wiwiss.fu-berlin.de/bizer/bsbm/v01/vocabulary/Product
2023-09-05 10:37:04,502 [MainThread  ] [INFO ]  http://www4.wiwiss.fu-berlin.de/bizer/bsbm/v01/vocabulary/Offer
2023-09-05 10:37:04,592 [MainThread  ] [INFO ]  http://www4.wiwiss.fu-berlin.de/bizer/bsbm/v01/vocabulary/Offer
2023-09-05 10:37:04,594 [MainThread  ] [INFO ]  http://www4.wiwiss.fu-berlin.de/bizer/bsbm/v01/vocabulary/Producer
2023-09-05 10:37:04,594 [MainThread  ] [INFO ]  http://www4.wiwiss.fu-berlin.de/bizer/bsbm/v01/vocabulary/Producer
2023-09-05 10:37:04,601 [MainThread  ] [INFO ]  http://www4.wiwiss.fu-berlin.de/bizer/bsbm/v01/vocabulary/Offer
2023-09-05 10:37:04,682 [MainThread  ] [INFO ]  http://www4.wiwiss.fu-berlin.de/bizer/bsbm/v01/vocabulary/Offer
2023-09-05 10:37:04,684 [MainThread  ] [INFO ]  http://www.ratingsite0.fr/ProductType269
2023-09-05 10:37:04,684 [MainThread  ] [INFO ]  http://www.ratingsite1.fr/ProductType269
2023-09-05 10:37:04,769 [MainThread  ] [INFO ]  http://www4.wiwiss.fu-berlin.de/bizer/bsbm/v01/vocabulary/Producer
2023-09-05 10:37:04,770 [MainThread  ] [INFO ]  http://www.vendor8.fr/ProductType360
2023-09-05 10:37:04,770 [MainThread  ] [INFO ]  http://www4.wiwiss.fu-berlin.de/bizer/bsbm/v01/vocabulary/Product
2023-09-05 10:37:04,770 [MainThread  ] [INFO ]  http://www.ratingsite9.fr/ProductType205
2023-09-05 10:37:04,773 [MainThread  ] [INFO ]  http://www4.wiwiss.fu-berlin.de/bizer/bsbm/v01/vocabulary/Producer
2023-09-05 10:37:04,774 [MainThread  ] [INFO ]  http://www4.wiwiss.fu-berlin.de/bizer/bsbm/v01/vocabulary/Person
2023-09-05 10:37:04,781 [MainThread  ] [INFO ]  http://www4.wiwiss.fu-berlin.de/bizer/bsbm/v01/vocabulary/Offer
2023-09-05 10:37:04,786 [MainThread  ] [INFO ]  http://www4.wiwiss.fu-berlin.de/bizer/bsbm/v01/vocabulary/Offer
2023-09-05 10:37:04,786 [MainThread  ] [INFO ]  http://www4.wiwiss.fu-berlin.de/bizer/bsbm/v01/vocabulary/Producer
2023-09-05 10:37:04,789 [MainThread  ] [INFO ]  http://www4.wiwiss.fu-berlin.de/bizer/bsbm/v01/vocabulary/Producer
2023-09-05 10:37:04,859 [MainThread  ] [INFO ]  http://www4.wiwiss.fu-berlin.de/bizer/bsbm/v01/vocabulary/Producer
2023-09-05 10:37:04,862 [MainThread  ] [INFO ]  http://www.ratingsite8.fr/ProductType269
2023-09-05 10:37:04,863 [MainThread  ] [INFO ]  http://www4.wiwiss.fu-berlin.de/bizer/bsbm/v01/vocabulary/Producer
2023-09-05 10:37:04,863 [MainThread  ] [INFO ]  http://www4.wiwiss.fu-berlin.de/bizer/bsbm/v01/vocabulary/Producer
2023-09-05 10:37:04,864 [MainThread  ] [INFO ]  http://www4.wiwiss.fu-berlin.de/bizer/bsbm/v01/vocabulary/Producer
2023-09-05 10:37:04,865 [MainThread  ] [INFO ]  http://www4.wiwiss.fu-berlin.de/bizer/bsbm/v01/vocabulary/Producer
2023-09-05 10:37:04,867 [MainThread  ] [INFO ]  http://www4.wiwiss.fu-berlin.de/bizer/bsbm/v01/vocabulary/Producer
2023-09-05 10:37:04,934 [MainThread  ] [INFO ]  http://www.ratingsite0.fr/ProductType396
2023-09-05 10:37:04,940 [MainThread  ] [INFO ]  http://www.ratingsite1.fr/ProductType396
2023-09-05 10:37:04,949 [MainThread  ] [INFO ]  http://www4.wiwiss.fu-berlin.de/bizer/bsbm/v01/vocabulary/Producer
2023-09-05 10:37:04,955 [MainThread  ] [INFO ]  http://www.vendor5.fr/ProductType269
2023-09-05 10:37:04,977 [MainThread  ] [INFO ]  http://www.vendor9.fr/ProductType269
2023-09-05 10:37:05,026 [MainThread  ] [INFO ]  http://www.ratingsite9.fr/ProductType442
2023-09-05 10:37:05,050 [MainThread  ] [INFO ]  http://www4.wiwiss.fu-berlin.de/bizer/bsbm/v01/vocabulary/Product
2023-09-05 10:37:05,053 [MainThread  ] [INFO ]  http://www4.wiwiss.fu-berlin.de/bizer/bsbm/v01/vocabulary/Producer
2023-09-05 10:37:05,060 [MainThread  ] [INFO ]  http://www.vendor8.fr/ProductType370
2023-09-05 10:37:05,070 [MainThread  ] [INFO ]  http://www4.wiwiss.fu-berlin.de/bizer/bsbm/v01/vocabulary/Product
2023-09-05 10:37:05,083 [MainThread  ] [INFO ]  http://www4.wiwiss.fu-berlin.de/bizer/bsbm/v01/vocabulary/Product
2023-09-05 10:37:05,104 [MainThread  ] [INFO ]  http://www4.wiwiss.fu-berlin.de/bizer/bsbm/v01/vocabulary/Product
2023-09-05 10:37:05,115 [MainThread  ] [INFO ]  http://www4.wiwiss.fu-berlin.de/bizer/bsbm/v01/vocabulary/Product
2023-09-05 10:37:05,123 [MainThread  ] [INFO ]  http://www4.wiwiss.fu-berlin.de/bizer/bsbm/v01/vocabulary/Producer
2023-09-05 10:37:05,131 [MainThread  ] [INFO ]  http://www4.wiwiss.fu-berlin.de/bizer/bsbm/v01/vocabulary/Product
2023-09-05 10:37:05,132 [MainThread  ] [INFO ]  http://www4.wiwiss.fu-berlin.de/bizer/bsbm/v01/vocabulary/Producer
2023-09-05 10:37:05,144 [MainThread  ] [INFO ]  http://www.ratingsite7.fr/ProductType948
2023-09-05 10:37:05,145 [MainThread  ] [INFO ]  http://www.ratingsite8.fr/ProductType396
2023-09-05 10:37:05,168 [MainThread  ] [INFO ]  http://www.vendor2.fr/ProductType371
2023-09-05 10:37:05,190 [MainThread  ] [INFO ]  http://www.ratingsite6.fr/ProductType373
2023-09-05 10:37:05,204 [MainThread  ] [INFO ]  http://www4.wiwiss.fu-berlin.de/bizer/bsbm/v01/vocabulary/Product
2023-09-05 10:37:05,234 [MainThread  ] [INFO ]  http://www.ratingsite1.fr/ProductType416
2023-09-05 10:37:05,255 [MainThread  ] [INFO ]  http://www.vendor5.fr/ProductType396
2023-09-05 10:37:05,267 [MainThread  ] [INFO ]  http://www.ratingsite0.fr/ProductType416
2023-09-05 10:37:05,283 [MainThread  ] [INFO ]  http://www.vendor9.fr/ProductType396
2023-09-05 10:37:05,312 [MainThread  ] [INFO ]  http://www.ratingsite9.fr/ProductType508
2023-09-05 10:37:05,319 [MainThread  ] [INFO ]  http://www.vendor0.fr/ProductType269
2023-09-05 10:37:05,345 [MainThread  ] [INFO ]  http://www4.wiwiss.fu-berlin.de/bizer/bsbm/v01/vocabulary/Product
2023-09-05 10:37:05,359 [MainThread  ] [INFO ]  http://www.vendor8.fr/ProductType439
2023-09-05 10:37:05,396 [MainThread  ] [INFO ]  http://www4.wiwiss.fu-berlin.de/bizer/bsbm/v01/vocabulary/Product
2023-09-05 10:37:05,455 [MainThread  ] [INFO ]  http://www.vendor7.fr/ProductType269
2023-09-05 10:37:05,461 [MainThread  ] [INFO ]  http://www.ratingsite8.fr/ProductType416
2023-09-05 10:37:05,466 [MainThread  ] [INFO ]  http://www4.wiwiss.fu-berlin.de/bizer/bsbm/v01/vocabulary/Product
2023-09-05 10:37:05,482 [MainThread  ] [INFO ]  http://www.ratingsite5.fr/ProductType269
2023-09-05 10:37:05,484 [MainThread  ] [INFO ]  http://www.vendor2.fr/ProductType396
2023-09-05 10:37:05,489 [MainThread  ] [INFO ]  http://www.vendor3.fr/ProductType269
2023-09-05 10:37:05,497 [MainThread  ] [INFO ]  http://www.ratingsite6.fr/ProductType375
2023-09-05 10:37:05,514 [MainThread  ] [INFO ]  http://www.vendor1.fr/ProductType269
2023-09-05 10:37:05,528 [MainThread  ] [INFO ]  http://www.ratingsite1.fr/ProductType463
2023-09-05 10:37:05,529 [MainThread  ] [INFO ]  http://www.ratingsite0.fr/ProductType463
2023-09-05 10:37:05,547 [MainThread  ] [INFO ]  http://www.vendor9.fr/ProductType416
2023-09-05 10:37:05,547 [MainThread  ] [INFO ]  http://www.vendor6.fr/ProductType269
2023-09-05 10:37:05,554 [MainThread  ] [INFO ]  http://www.vendor5.fr/ProductType416
2023-09-05 10:37:05,600 [MainThread  ] [INFO ]  http://www.ratingsite9.fr/ProductType509
2023-09-05 10:37:05,606 [MainThread  ] [INFO ]  http://www.vendor0.fr/ProductType396
2023-09-05 10:37:05,614 [MainThread  ] [INFO ]  http://www.vendor8.fr/ProductType453
2023-09-05 10:37:05,632 [MainThread  ] [INFO ]  http://www.ratingsite4.fr/ProductType948
2023-09-05 10:37:05,717 [MainThread  ] [INFO ]  http://www.ratingsite3.fr/ProductType235
2023-09-05 10:37:05,735 [MainThread  ] [INFO ]  http://www.vendor7.fr/ProductType396
2023-09-05 10:37:05,753 [MainThread  ] [INFO ]  http://www.vendor4.fr/ProductType803
2023-09-05 10:37:05,754 [MainThread  ] [INFO ]  http://www.ratingsite8.fr/ProductType463
2023-09-05 10:37:05,765 [MainThread  ] [INFO ]  http://www.ratingsite5.fr/ProductType396
2023-09-05 10:37:05,770 [MainThread  ] [INFO ]  http://www.vendor3.fr/ProductType396
2023-09-05 10:37:05,772 [MainThread  ] [INFO ]  http://www.vendor2.fr/ProductType492
2023-09-05 10:37:05,813 [MainThread  ] [INFO ]  http://www.vendor1.fr/ProductType396
2023-09-05 10:37:05,815 [MainThread  ] [INFO ]  http://www.ratingsite1.fr/ProductType578
2023-09-05 10:37:05,817 [MainThread  ] [INFO ]  http://www.ratingsite6.fr/ProductType384
2023-09-05 10:37:05,837 [MainThread  ] [INFO ]  http://www.vendor6.fr/ProductType396
2023-09-05 10:37:05,839 [MainThread  ] [INFO ]  http://www.vendor5.fr/ProductType463
2023-09-05 10:37:05,847 [MainThread  ] [INFO ]  http://www.ratingsite0.fr/ProductType578
2023-09-05 10:37:05,866 [MainThread  ] [INFO ]  http://www.vendor9.fr/ProductType463
2023-09-05 10:37:05,888 [MainThread  ] [INFO ]  http://www.ratingsite9.fr/ProductType533
2023-09-05 10:37:05,896 [MainThread  ] [INFO ]  http://www.vendor9.fr/ProductType578
2023-09-05 10:37:05,914 [MainThread  ] [INFO ]  http://www.vendor8.fr/ProductType542
2023-09-05 10:37:05,920 [MainThread  ] [INFO ]  http://www.ratingsite7.fr/ProductType269
2023-09-05 10:37:05,928 [MainThread  ] [INFO ]  http://www.vendor0.fr/ProductType416
2023-09-05 10:37:05,935 [MainThread  ] [INFO ]  http://www.ratingsite4.fr/ProductType269
2023-09-05 10:37:05,950 [MainThread  ] [INFO ]  http://www.ratingsite2.fr/ProductType235
2023-09-05 10:37:05,992 [MainThread  ] [INFO ]  http://www.ratingsite3.fr/ProductType377
2023-09-05 10:37:06,032 [MainThread  ] [INFO ]  http://www.vendor7.fr/ProductType416
2023-09-05 10:37:06,043 [MainThread  ] [INFO ]  http://www.ratingsite8.fr/ProductType578
2023-09-05 10:37:06,046 [MainThread  ] [INFO ]  http://www.vendor4.fr/ProductType948
2023-09-05 10:37:06,057 [MainThread  ] [INFO ]  http://www.vendor3.fr/ProductType416
2023-09-05 10:37:06,063 [MainThread  ] [INFO ]  http://www.ratingsite5.fr/ProductType416
2023-09-05 10:37:06,065 [MainThread  ] [INFO ]  http://www.vendor2.fr/ProductType550
2023-09-05 10:37:06,113 [MainThread  ] [INFO ]  http://www.vendor1.fr/ProductType416
2023-09-05 10:37:06,121 [MainThread  ] [INFO ]  http://www.ratingsite6.fr/ProductType466
2023-09-05 10:37:06,124 [MainThread  ] [INFO ]  http://www.ratingsite1.fr/ProductType626
2023-09-05 10:37:06,140 [MainThread  ] [INFO ]  http://www.vendor6.fr/ProductType416
2023-09-05 10:37:06,159 [MainThread  ] [INFO ]  http://www.vendor5.fr/ProductType578
2023-09-05 10:37:06,176 [MainThread  ] [INFO ]  http://www.ratingsite0.fr/ProductType626
2023-09-05 10:37:06,183 [MainThread  ] [INFO ]  http://www.ratingsite9.fr/ProductType604
2023-09-05 10:37:06,189 [MainThread  ] [INFO ]  http://www.vendor9.fr/ProductType626
2023-09-05 10:37:06,219 [MainThread  ] [INFO ]  http://www.ratingsite7.fr/ProductType396
2023-09-05 10:37:06,240 [MainThread  ] [INFO ]  http://www.vendor8.fr/ProductType622
2023-09-05 10:37:06,248 [MainThread  ] [INFO ]  http://www.ratingsite4.fr/ProductType396
2023-09-05 10:37:06,266 [MainThread  ] [INFO ]  http://www.vendor0.fr/ProductType463
2023-09-05 10:37:06,274 [MainThread  ] [INFO ]  http://www.ratingsite2.fr/ProductType377
2023-09-05 10:37:06,312 [MainThread  ] [INFO ]  http://www.ratingsite3.fr/ProductType514
2023-09-05 10:37:06,323 [MainThread  ] [INFO ]  http://www.vendor7.fr/ProductType463
2023-09-05 10:37:06,336 [MainThread  ] [INFO ]  http://www.vendor4.fr/ProductType269
2023-09-05 10:37:06,344 [MainThread  ] [INFO ]  http://www.ratingsite5.fr/ProductType463
2023-09-05 10:37:06,354 [MainThread  ] [INFO ]  http://www.ratingsite8.fr/ProductType626
2023-09-05 10:37:06,370 [MainThread  ] [INFO ]  http://www.vendor2.fr/ProductType572
2023-09-05 10:37:06,374 [MainThread  ] [INFO ]  http://www.vendor3.fr/ProductType463
2023-09-05 10:37:06,396 [MainThread  ] [INFO ]  http://www.vendor1.fr/ProductType463
2023-09-05 10:37:06,403 [MainThread  ] [INFO ]  http://www.ratingsite6.fr/ProductType505
2023-09-05 10:37:06,404 [MainThread  ] [INFO ]  http://www.ratingsite1.fr/ProductType675
2023-09-05 10:37:06,429 [MainThread  ] [INFO ]  http://www.vendor6.fr/ProductType463
2023-09-05 10:37:06,442 [MainThread  ] [INFO ]  http://www.vendor5.fr/ProductType626
2023-09-05 10:37:06,452 [MainThread  ] [INFO ]  http://www.ratingsite9.fr/ProductType606
2023-09-05 10:37:06,472 [MainThread  ] [INFO ]  http://www.ratingsite0.fr/ProductType675
2023-09-05 10:37:06,472 [MainThread  ] [INFO ]  http://www.vendor9.fr/ProductType675
2023-09-05 10:37:06,530 [MainThread  ] [INFO ]  http://www.vendor8.fr/ProductType654
2023-09-05 10:37:06,535 [MainThread  ] [INFO ]  http://www.ratingsite7.fr/ProductType416
2023-09-05 10:37:06,550 [MainThread  ] [INFO ]  http://www.ratingsite4.fr/ProductType416
2023-09-05 10:37:06,555 [MainThread  ] [INFO ]  http://www.ratingsite2.fr/ProductType514
2023-09-05 10:37:06,573 [MainThread  ] [INFO ]  http://www.vendor0.fr/ProductType578
2023-09-05 10:37:06,607 [MainThread  ] [INFO ]  http://www.ratingsite3.fr/ProductType521
2023-09-05 10:37:06,630 [MainThread  ] [INFO ]  http://www.vendor7.fr/ProductType578
2023-09-05 10:37:06,632 [MainThread  ] [INFO ]  http://www.vendor4.fr/ProductType396
2023-09-05 10:37:06,641 [MainThread  ] [INFO ]  http://www.ratingsite8.fr/ProductType675
2023-09-05 10:37:06,642 [MainThread  ] [INFO ]  http://www.ratingsite5.fr/ProductType578
2023-09-05 10:37:06,658 [MainThread  ] [INFO ]  http://www.vendor3.fr/ProductType578
2023-09-05 10:37:06,661 [MainThread  ] [INFO ]  http://www.vendor2.fr/ProductType307
2023-09-05 10:37:06,704 [MainThread  ] [INFO ]  http://www.vendor1.fr/ProductType578
2023-09-05 10:37:06,705 [MainThread  ] [INFO ]  http://www.ratingsite1.fr/ProductType803
2023-09-05 10:37:06,710 [MainThread  ] [INFO ]  http://www.vendor6.fr/ProductType578
2023-09-05 10:37:06,714 [MainThread  ] [INFO ]  http://www.ratingsite6.fr/ProductType539
2023-09-05 10:37:06,746 [MainThread  ] [INFO ]  http://www.vendor5.fr/ProductType675
2023-09-05 10:37:06,747 [MainThread  ] [INFO ]  http://www.ratingsite9.fr/ProductType644
2023-09-05 10:37:06,761 [MainThread  ] [INFO ]  http://www.vendor9.fr/ProductType803
2023-09-05 10:37:06,777 [MainThread  ] [INFO ]  http://www.ratingsite0.fr/ProductType803
2023-09-05 10:37:06,822 [MainThread  ] [INFO ]  http://www.ratingsite4.fr/ProductType463
2023-09-05 10:37:06,830 [MainThread  ] [INFO ]  http://www.vendor8.fr/ProductType661
2023-09-05 10:37:06,845 [MainThread  ] [INFO ]  http://www.ratingsite2.fr/ProductType521
2023-09-05 10:37:06,846 [MainThread  ] [INFO ]  http://www.ratingsite7.fr/ProductType463
2023-09-05 10:37:06,862 [MainThread  ] [INFO ]  http://www.vendor0.fr/ProductType626
2023-09-05 10:37:06,911 [MainThread  ] [INFO ]  http://www.ratingsite3.fr/ProductType578
2023-09-05 10:37:06,932 [MainThread  ] [INFO ]  http://www.vendor7.fr/ProductType626
2023-09-05 10:37:06,938 [MainThread  ] [INFO ]  http://www.ratingsite5.fr/ProductType626
2023-09-05 10:37:06,948 [MainThread  ] [INFO ]  http://www.ratingsite8.fr/ProductType803
2023-09-05 10:37:06,956 [MainThread  ] [INFO ]  http://www.vendor4.fr/ProductType416
2023-09-05 10:37:06,964 [MainThread  ] [INFO ]  http://www.ratingsite1.fr/ProductType948
2023-09-05 10:37:06,964 [MainThread  ] [INFO ]  http://www.vendor2.fr/ProductType500
2023-09-05 10:37:06,983 [MainThread  ] [INFO ]  http://www.vendor3.fr/ProductType626
2023-09-05 10:37:06,995 [MainThread  ] [INFO ]  http://www.vendor6.fr/ProductType626
2023-09-05 10:37:07,011 [MainThread  ] [INFO ]  http://www.vendor1.fr/ProductType626
2023-09-05 10:37:07,025 [MainThread  ] [INFO ]  http://www.ratingsite6.fr/ProductType566
2023-09-05 10:37:07,032 [MainThread  ] [INFO ]  http://www.ratingsite9.fr/ProductType674
2023-09-05 10:37:07,054 [MainThread  ] [INFO ]  http://www.vendor5.fr/ProductType803
2023-09-05 10:37:07,061 [MainThread  ] [INFO ]  http://www.ratingsite0.fr/ProductType948
2023-09-05 10:37:07,066 [MainThread  ] [INFO ]  http://www.vendor9.fr/ProductType948
2023-09-05 10:37:07,137 [MainThread  ] [INFO ]  http://www.ratingsite4.fr/ProductType578
2023-09-05 10:37:07,145 [MainThread  ] [INFO ]  http://www4.wiwiss.fu-berlin.de/bizer/bsbm/v01/vocabulary/Product
2023-09-05 10:37:07,149 [MainThread  ] [INFO ]  http://www.ratingsite7.fr/ProductType578
2023-09-05 10:37:07,156 [MainThread  ] [INFO ]  http://www.ratingsite2.fr/ProductType578
2023-09-05 10:37:07,181 [MainThread  ] [INFO ]  http://www.vendor0.fr/ProductType675
2023-09-05 10:37:07,212 [MainThread  ] [INFO ]  http://www.ratingsite3.fr/ProductType714
2023-09-05 10:37:07,230 [MainThread  ] [INFO ]  http://www.ratingsite8.fr/ProductType948
2023-09-05 10:37:07,236 [MainThread  ] [INFO ]  http://www.vendor7.fr/ProductType675
2023-09-05 10:37:07,246 [MainThread  ] [INFO ]  http://www.vendor2.fr/ProductType505
2023-09-05 10:37:07,250 [MainThread  ] [INFO ]  http://www.ratingsite5.fr/ProductType675
2023-09-05 10:37:07,257 [MainThread  ] [INFO ]  http://www4.wiwiss.fu-berlin.de/bizer/bsbm/v01/vocabulary/Product
2023-09-05 10:37:07,257 [MainThread  ] [INFO ]  http://www.vendor4.fr/ProductType463
2023-09-05 10:37:07,295 [MainThread  ] [INFO ]  http://www.vendor3.fr/ProductType675
2023-09-05 10:37:07,305 [MainThread  ] [INFO ]  http://www.vendor1.fr/ProductType675
2023-09-05 10:37:07,306 [MainThread  ] [INFO ]  http://www.vendor6.fr/ProductType675
2023-09-05 10:37:07,327 [MainThread  ] [INFO ]  http://www.ratingsite6.fr/ProductType597
2023-09-05 10:37:07,328 [MainThread  ] [INFO ]  http://www.ratingsite9.fr/ProductType244
2023-09-05 10:37:07,329 [MainThread  ] [INFO ]  http://www.vendor5.fr/ProductType948
2023-09-05 10:37:07,355 [MainThread  ] [INFO ]  http://www4.wiwiss.fu-berlin.de/bizer/bsbm/v01/vocabulary/Product
2023-09-05 10:37:07,360 [MainThread  ] [INFO ]  http://www4.wiwiss.fu-berlin.de/bizer/bsbm/v01/vocabulary/Product
2023-09-05 10:37:07,441 [MainThread  ] [INFO ]  http://www.ratingsite7.fr/ProductType626
2023-09-05 10:37:07,443 [MainThread  ] [INFO ]  http://www.ratingsite4.fr/ProductType626
2023-09-05 10:37:07,456 [MainThread  ] [INFO ]  http://www.ratingsite2.fr/ProductType714
2023-09-05 10:37:07,471 [MainThread  ] [INFO ]  http://www.vendor0.fr/ProductType803
2023-09-05 10:37:07,506 [MainThread  ] [INFO ]  http://www.vendor7.fr/ProductType803
2023-09-05 10:37:07,512 [MainThread  ] [INFO ]  http://www.ratingsite3.fr/ProductType720
2023-09-05 10:37:07,514 [MainThread  ] [INFO ]  http://www.vendor8.fr/ProductType119
2023-09-05 10:37:07,526 [MainThread  ] [INFO ]  http://www.ratingsite8.fr/ProductType419
2023-09-05 10:37:07,553 [MainThread  ] [INFO ]  http://www.vendor4.fr/ProductType578
2023-09-05 10:37:07,558 [MainThread  ] [INFO ]  http://www.vendor2.fr/ProductType737
2023-09-05 10:37:07,563 [MainThread  ] [INFO ]  http://www.ratingsite5.fr/ProductType803
2023-09-05 10:37:07,589 [MainThread  ] [INFO ]  http://www.vendor3.fr/ProductType803
2023-09-05 10:37:07,592 [MainThread  ] [INFO ]  http://www.vendor6.fr/ProductType803
2023-09-05 10:37:07,604 [MainThread  ] [INFO ]  http://www.ratingsite1.fr/ProductType242
2023-09-05 10:37:07,617 [MainThread  ] [INFO ]  http://www.vendor1.fr/ProductType803
2023-09-05 10:37:07,618 [MainThread  ] [INFO ]  http://www4.wiwiss.fu-berlin.de/bizer/bsbm/v01/vocabulary/Product
2023-09-05 10:37:07,623 [MainThread  ] [INFO ]  http://www.ratingsite9.fr/ProductType362
2023-09-05 10:37:07,626 [MainThread  ] [INFO ]  http://www.ratingsite6.fr/ProductType676
2023-09-05 10:37:07,717 [MainThread  ] [INFO ]  http://www.vendor9.fr/ProductType178
2023-09-05 10:37:07,735 [MainThread  ] [INFO ]  http://www.ratingsite7.fr/ProductType675
2023-09-05 10:37:07,737 [MainThread  ] [INFO ]  http://www.ratingsite4.fr/ProductType675
2023-09-05 10:37:07,771 [MainThread  ] [INFO ]  http://www.ratingsite2.fr/ProductType720
2023-09-05 10:37:07,772 [MainThread  ] [INFO ]  http://www.vendor0.fr/ProductType948
2023-09-05 10:37:07,793 [MainThread  ] [INFO ]  http://www.vendor8.fr/ProductType227
2023-09-05 10:37:07,802 [MainThread  ] [INFO ]  http://www.ratingsite3.fr/ProductType726
2023-09-05 10:37:07,807 [MainThread  ] [INFO ]  http://www.ratingsite0.fr/ProductType257
2023-09-05 10:37:07,813 [MainThread  ] [INFO ]  http://www.ratingsite8.fr/ProductType464
2023-09-05 10:37:07,826 [MainThread  ] [INFO ]  http://www.vendor7.fr/ProductType948
2023-09-05 10:37:07,842 [MainThread  ] [INFO ]  http://www.vendor2.fr/ProductType354
2023-09-05 10:37:07,851 [MainThread  ] [INFO ]  http://www.vendor4.fr/ProductType626
2023-09-05 10:37:07,858 [MainThread  ] [INFO ]  http://www.ratingsite5.fr/ProductType948
2023-09-05 10:37:07,876 [MainThread  ] [INFO ]  http://www.vendor6.fr/ProductType948
2023-09-05 10:37:07,897 [MainThread  ] [INFO ]  http://www.ratingsite1.fr/ProductType337
2023-09-05 10:37:07,899 [MainThread  ] [INFO ]  http://www.vendor3.fr/ProductType948
2023-09-05 10:37:07,913 [MainThread  ] [INFO ]  http://www.ratingsite9.fr/ProductType460
2023-09-05 10:37:07,916 [MainThread  ] [INFO ]  http://www.vendor1.fr/ProductType948
2023-09-05 10:37:07,925 [MainThread  ] [INFO ]  http://www4.wiwiss.fu-berlin.de/bizer/bsbm/v01/vocabulary/Product
2023-09-05 10:37:07,966 [MainThread  ] [INFO ]  http://www.vendor5.fr/ProductType343
2023-09-05 10:37:07,993 [MainThread  ] [INFO ]  http://www.vendor9.fr/ProductType208
2023-09-05 10:37:08,028 [MainThread  ] [INFO ]  http://www.ratingsite7.fr/ProductType803
2023-09-05 10:37:08,037 [MainThread  ] [INFO ]  http://www.ratingsite4.fr/ProductType803
2023-09-05 10:37:08,050 [MainThread  ] [INFO ]  http://www4.wiwiss.fu-berlin.de/bizer/bsbm/v01/vocabulary/Product
2023-09-05 10:37:08,073 [MainThread  ] [INFO ]  http://www.ratingsite2.fr/ProductType726
2023-09-05 10:37:08,081 [MainThread  ] [INFO ]  http://www.ratingsite3.fr/ProductType803
2023-09-05 10:37:08,083 [MainThread  ] [INFO ]  http://www.ratingsite8.fr/ProductType465
2023-09-05 10:37:08,084 [MainThread  ] [INFO ]  http://www.vendor8.fr/ProductType298
2023-09-05 10:37:08,090 [MainThread  ] [INFO ]  http://www.vendor7.fr/ProductType249
2023-09-05 10:37:08,095 [MainThread  ] [INFO ]  http://www.ratingsite0.fr/ProductType268
2023-09-05 10:37:08,120 [MainThread  ] [INFO ]  http://www.vendor2.fr/ProductType377
2023-09-05 10:37:08,132 [MainThread  ] [INFO ]  http://www.ratingsite5.fr/ProductType249
2023-09-05 10:37:08,142 [MainThread  ] [INFO ]  http://www.vendor4.fr/ProductType675
2023-09-05 10:37:08,145 [MainThread  ] [INFO ]  http://www.vendor6.fr/ProductType159
2023-09-05 10:37:08,177 [MainThread  ] [INFO ]  http://www.vendor3.fr/ProductType223
2023-09-05 10:37:08,185 [MainThread  ] [INFO ]  http://www.ratingsite1.fr/ProductType401
2023-09-05 10:37:08,205 [MainThread  ] [INFO ]  http://www.vendor1.fr/ProductType321
2023-09-05 10:37:08,215 [MainThread  ] [INFO ]  http://www.ratingsite9.fr/ProductType484
2023-09-05 10:37:08,273 [MainThread  ] [INFO ]  http://www.vendor5.fr/ProductType445
2023-09-05 10:37:08,296 [MainThread  ] [INFO ]  http://www.vendor9.fr/ProductType292
2023-09-05 10:37:08,332 [MainThread  ] [INFO ]  http://www.vendor7.fr/ProductType279
2023-09-05 10:37:08,336 [MainThread  ] [INFO ]  http://www.ratingsite4.fr/ProductType325
2023-09-05 10:37:08,361 [MainThread  ] [INFO ]  http://www.ratingsite7.fr/ProductType250
2023-09-05 10:37:08,370 [MainThread  ] [INFO ]  http://www.ratingsite8.fr/ProductType493
2023-09-05 10:37:08,371 [MainThread  ] [INFO ]  http://www.ratingsite2.fr/ProductType803
2023-09-05 10:37:08,388 [MainThread  ] [INFO ]  http://www.vendor8.fr/ProductType419
2023-09-05 10:37:08,403 [MainThread  ] [INFO ]  http://www.ratingsite6.fr/ProductType284
2023-09-05 10:37:08,405 [MainThread  ] [INFO ]  http://www.ratingsite3.fr/ProductType465
2023-09-05 10:37:08,414 [MainThread  ] [INFO ]  http://www.ratingsite0.fr/ProductType295
2023-09-05 10:37:08,415 [MainThread  ] [INFO ]  http://www.vendor0.fr/ProductType373
2023-09-05 10:37:08,416 [MainThread  ] [INFO ]  http://www.vendor2.fr/ProductType451
2023-09-05 10:37:08,426 [MainThread  ] [INFO ]  http://www.vendor4.fr/ProductType200
2023-09-05 10:37:08,452 [MainThread  ] [INFO ]  http://www.vendor6.fr/ProductType354
2023-09-05 10:37:08,457 [MainThread  ] [INFO ]  http://www.ratingsite5.fr/ProductType279
2023-09-05 10:37:08,482 [MainThread  ] [INFO ]  http://www.ratingsite1.fr/ProductType419
2023-09-05 10:37:08,486 [MainThread  ] [INFO ]  http://www.vendor1.fr/ProductType452
2023-09-05 10:37:08,496 [MainThread  ] [INFO ]  http://www.vendor3.fr/ProductType290
2023-09-05 10:37:08,514 [MainThread  ] [INFO ]  http://www.ratingsite9.fr/ProductType558
2023-09-05 10:37:08,574 [MainThread  ] [INFO ]  http://www.vendor5.fr/ProductType529
2023-09-05 10:37:08,614 [MainThread  ] [INFO ]  http://www.vendor9.fr/ProductType449
2023-09-05 10:37:08,626 [MainThread  ] [INFO ]  http://www.vendor7.fr/ProductType438
2023-09-05 10:37:08,630 [MainThread  ] [INFO ]  http://www.ratingsite4.fr/ProductType327
2023-09-05 10:37:08,664 [MainThread  ] [INFO ]  http://www.ratingsite7.fr/ProductType765
2023-09-05 10:37:08,673 [MainThread  ] [INFO ]  http://www.ratingsite8.fr/ProductType637
2023-09-05 10:37:08,686 [MainThread  ] [INFO ]  http://www.ratingsite2.fr/ProductType408
2023-09-05 10:37:08,697 [MainThread  ] [INFO ]  http://www.vendor8.fr/ProductType423
2023-09-05 10:37:08,718 [MainThread  ] [INFO ]  http://www.ratingsite6.fr/ProductType365
2023-09-05 10:37:08,721 [MainThread  ] [INFO ]  http://www.vendor2.fr/ProductType452
2023-09-05 10:37:08,736 [MainThread  ] [INFO ]  http://www.ratingsite3.fr/ProductType496
2023-09-05 10:37:08,736 [MainThread  ] [INFO ]  http://www.vendor6.fr/ProductType449
2023-09-05 10:37:08,740 [MainThread  ] [INFO ]  http://www.vendor4.fr/ProductType266
2023-09-05 10:37:08,740 [MainThread  ] [INFO ]  http://www.vendor0.fr/ProductType375
2023-09-05 10:37:08,745 [MainThread  ] [INFO ]  http://www.ratingsite0.fr/ProductType459
2023-09-05 10:37:08,785 [MainThread  ] [INFO ]  http://www.ratingsite1.fr/ProductType462
2023-09-05 10:37:08,785 [MainThread  ] [INFO ]  http://www.vendor1.fr/ProductType478
2023-09-05 10:37:08,799 [MainThread  ] [INFO ]  http://www.vendor3.fr/ProductType343
2023-09-05 10:37:08,800 [MainThread  ] [INFO ]  http://www.ratingsite5.fr/ProductType438
2023-09-05 10:37:08,844 [MainThread  ] [INFO ]  http://www.ratingsite9.fr/ProductType583
2023-09-05 10:37:08,857 [MainThread  ] [INFO ]  http://www.vendor5.fr/ProductType537
2023-09-05 10:37:08,918 [MainThread  ] [INFO ]  http://www.ratingsite4.fr/ProductType394
2023-09-05 10:37:08,927 [MainThread  ] [INFO ]  http://www.vendor7.fr/ProductType505
2023-09-05 10:37:08,935 [MainThread  ] [INFO ]  http://www.vendor9.fr/ProductType496
2023-09-05 10:37:08,949 [MainThread  ] [INFO ]  http://www.ratingsite7.fr/ProductType222
2023-09-05 10:37:08,961 [MainThread  ] [INFO ]  http://www.ratingsite8.fr/ProductType686
2023-09-05 10:37:08,974 [MainThread  ] [INFO ]  http://www.ratingsite2.fr/ProductType435
2023-09-05 10:37:08,997 [MainThread  ] [INFO ]  http://www.vendor8.fr/ProductType543
2023-09-05 10:37:09,008 [MainThread  ] [INFO ]  http://www.ratingsite6.fr/ProductType385
2023-09-05 10:37:09,010 [MainThread  ] [INFO ]  http://www.vendor4.fr/ProductType527
2023-09-05 10:37:09,030 [MainThread  ] [INFO ]  http://www.vendor2.fr/ProductType476
2023-09-05 10:37:09,032 [MainThread  ] [INFO ]  http://www.ratingsite0.fr/ProductType466
2023-09-05 10:37:09,033 [MainThread  ] [INFO ]  http://www.ratingsite3.fr/ProductType546
2023-09-05 10:37:09,052 [MainThread  ] [INFO ]  http://www.vendor6.fr/ProductType466
2023-09-05 10:37:09,056 [MainThread  ] [INFO ]  http://www.vendor0.fr/ProductType384
2023-09-05 10:37:09,080 [MainThread  ] [INFO ]  http://www.ratingsite5.fr/ProductType505
2023-09-05 10:37:09,086 [MainThread  ] [INFO ]  http://www.ratingsite1.fr/ProductType539
2023-09-05 10:37:09,086 [MainThread  ] [INFO ]  http://www.vendor1.fr/ProductType501
2023-09-05 10:37:09,103 [MainThread  ] [INFO ]  http://www.vendor3.fr/ProductType520
2023-09-05 10:37:09,153 [MainThread  ] [INFO ]  http://www.vendor5.fr/ProductType572
2023-09-05 10:37:09,157 [MainThread  ] [INFO ]  http://www.ratingsite9.fr/ProductType590
2023-09-05 10:37:09,214 [MainThread  ] [INFO ]  http://www.vendor7.fr/ProductType593
2023-09-05 10:37:09,234 [MainThread  ] [INFO ]  http://www.ratingsite4.fr/ProductType439
2023-09-05 10:37:09,234 [MainThread  ] [INFO ]  http://www.ratingsite7.fr/ProductType244
2023-09-05 10:37:09,238 [MainThread  ] [INFO ]  http://www.vendor9.fr/ProductType587
2023-09-05 10:37:09,260 [MainThread  ] [INFO ]  http://www.ratingsite8.fr/ProductType704
2023-09-05 10:37:09,283 [MainThread  ] [INFO ]  http://www.vendor8.fr/ProductType572
2023-09-05 10:37:09,294 [MainThread  ] [INFO ]  http://www.ratingsite6.fr/ProductType397
2023-09-05 10:37:09,296 [MainThread  ] [INFO ]  http://www.ratingsite2.fr/ProductType471
2023-09-05 10:37:09,310 [MainThread  ] [INFO ]  http://www.vendor4.fr/ProductType550
2023-09-05 10:37:09,326 [MainThread  ] [INFO ]  http://www.ratingsite3.fr/ProductType592
2023-09-05 10:37:09,327 [MainThread  ] [INFO ]  http://www.vendor6.fr/ProductType470
2023-09-05 10:37:09,341 [MainThread  ] [INFO ]  http://www.vendor2.fr/ProductType751
2023-09-05 10:37:09,341 [MainThread  ] [INFO ]  http://www.ratingsite0.fr/ProductType535
2023-09-05 10:37:09,342 [MainThread  ] [INFO ]  http://www.vendor0.fr/ProductType466
2023-09-05 10:37:09,363 [MainThread  ] [INFO ]  http://www.ratingsite5.fr/ProductType593
2023-09-05 10:37:09,376 [MainThread  ] [INFO ]  http://www.ratingsite1.fr/ProductType571
2023-09-05 10:37:09,401 [MainThread  ] [INFO ]  http://www.vendor1.fr/ProductType556
2023-09-05 10:37:09,409 [MainThread  ] [INFO ]  http://www.vendor3.fr/ProductType538
2023-09-05 10:37:09,437 [MainThread  ] [INFO ]  http://www.vendor5.fr/ProductType645
2023-09-05 10:37:09,474 [MainThread  ] [INFO ]  http://www.ratingsite9.fr/ProductType650
2023-09-05 10:37:09,511 [MainThread  ] [INFO ]  http://www.vendor7.fr/ProductType673
2023-09-05 10:37:09,518 [MainThread  ] [INFO ]  http://www.vendor9.fr/ProductType593
2023-09-05 10:37:09,531 [MainThread  ] [INFO ]  http://www.ratingsite7.fr/ProductType350
2023-09-05 10:37:09,535 [MainThread  ] [INFO ]  http://www.ratingsite4.fr/ProductType550
2023-09-05 10:37:09,549 [MainThread  ] [INFO ]  http://www.ratingsite8.fr/ProductType739
2023-09-05 10:37:09,563 [MainThread  ] [INFO ]  http://www.vendor8.fr/ProductType633
2023-09-05 10:37:09,592 [MainThread  ] [INFO ]  http://www.ratingsite2.fr/ProductType536
2023-09-05 10:37:09,592 [MainThread  ] [INFO ]  http://www.ratingsite6.fr/ProductType446
2023-09-05 10:37:09,613 [MainThread  ] [INFO ]  http://www.vendor4.fr/ProductType558
2023-09-05 10:37:09,615 [MainThread  ] [INFO ]  http://www.vendor6.fr/ProductType489
2023-09-05 10:37:09,626 [MainThread  ] [INFO ]  http://www.vendor0.fr/ProductType505
2023-09-05 10:37:09,628 [MainThread  ] [INFO ]  http://www.ratingsite3.fr/ProductType594
2023-09-05 10:37:09,634 [MainThread  ] [INFO ]  http://www.ratingsite0.fr/ProductType581
2023-09-05 10:37:09,657 [MainThread  ] [INFO ]  http://www.ratingsite1.fr/ProductType586
2023-09-05 10:37:09,661 [MainThread  ] [INFO ]  http://www.vendor2.fr/ProductType809
2023-09-05 10:37:09,667 [MainThread  ] [INFO ]  http://www.ratingsite5.fr/ProductType673
2023-09-05 10:37:09,692 [MainThread  ] [INFO ]  http://www.vendor3.fr/ProductType566
2023-09-05 10:37:09,714 [MainThread  ] [INFO ]  http://www.vendor5.fr/ProductType715
2023-09-05 10:37:09,719 [MainThread  ] [INFO ]  http://www.vendor1.fr/ProductType586
2023-09-05 10:37:09,766 [MainThread  ] [INFO ]  http://www.ratingsite9.fr/ProductType664
2023-09-05 10:37:09,783 [MainThread  ] [INFO ]  http://www.vendor9.fr/ProductType665
2023-09-05 10:37:09,808 [MainThread  ] [INFO ]  http://www.vendor7.fr/ProductType683
2023-09-05 10:37:09,832 [MainThread  ] [INFO ]  http://www.ratingsite8.fr/ProductType811
2023-09-05 10:37:09,835 [MainThread  ] [INFO ]  http://www.ratingsite7.fr/ProductType521
2023-09-05 10:37:09,842 [MainThread  ] [INFO ]  http://www.ratingsite4.fr/ProductType572
2023-09-05 10:37:09,858 [MainThread  ] [INFO ]  http://www.vendor8.fr/ProductType697
2023-09-05 10:37:09,878 [MainThread  ] [INFO ]  http://www.ratingsite6.fr/ProductType547
2023-09-05 10:37:09,892 [MainThread  ] [INFO ]  http://www.vendor6.fr/ProductType512
2023-09-05 10:37:09,903 [MainThread  ] [INFO ]  http://www.ratingsite2.fr/ProductType552
2023-09-05 10:37:09,905 [MainThread  ] [INFO ]  http://www.ratingsite0.fr/ProductType727
2023-09-05 10:37:09,909 [MainThread  ] [INFO ]  http://www.vendor0.fr/ProductType539
2023-09-05 10:37:09,911 [MainThread  ] [INFO ]  http://www.vendor4.fr/ProductType566
2023-09-05 10:37:09,913 [MainThread  ] [INFO ]  http://www.ratingsite3.fr/ProductType659
2023-09-05 10:37:09,935 [MainThread  ] [INFO ]  http://www.ratingsite1.fr/ProductType826
2023-09-05 10:37:09,954 [MainThread  ] [INFO ]  http://www.vendor2.fr/ProductType348
2023-09-05 10:37:09,986 [MainThread  ] [INFO ]  http://www.vendor3.fr/ProductType586
2023-09-05 10:37:10,000 [MainThread  ] [INFO ]  http://www.ratingsite5.fr/ProductType683
2023-09-05 10:37:10,018 [MainThread  ] [INFO ]  http://www.vendor5.fr/ProductType726
2023-09-05 10:37:10,032 [MainThread  ] [INFO ]  http://www.vendor1.fr/ProductType631
2023-09-05 10:37:10,085 [MainThread  ] [INFO ]  http://www.vendor9.fr/ProductType337
2023-09-05 10:37:10,090 [MainThread  ] [INFO ]  http://www.ratingsite9.fr/ProductType291
2023-09-05 10:37:10,126 [MainThread  ] [INFO ]  http://www.vendor7.fr/ProductType844
2023-09-05 10:37:10,132 [MainThread  ] [INFO ]  http://www.ratingsite4.fr/ProductType631
2023-09-05 10:37:10,154 [MainThread  ] [INFO ]  http://www.ratingsite8.fr/ProductType268
2023-09-05 10:37:10,163 [MainThread  ] [INFO ]  http://www.vendor8.fr/ProductType317
2023-09-05 10:37:10,169 [MainThread  ] [INFO ]  http://www.ratingsite6.fr/ProductType591
2023-09-05 10:37:10,176 [MainThread  ] [INFO ]  http://www.ratingsite7.fr/ProductType525
2023-09-05 10:37:10,210 [MainThread  ] [INFO ]  http://www.vendor6.fr/ProductType541
2023-09-05 10:37:10,210 [MainThread  ] [INFO ]  http://www.vendor0.fr/ProductType566
2023-09-05 10:37:10,214 [MainThread  ] [INFO ]  http://www.ratingsite0.fr/ProductType812
2023-09-05 10:37:10,216 [MainThread  ] [INFO ]  http://www.ratingsite3.fr/ProductType796
2023-09-05 10:37:10,232 [MainThread  ] [INFO ]  http://www.ratingsite2.fr/ProductType558
2023-09-05 10:37:10,242 [MainThread  ] [INFO ]  http://www.vendor4.fr/ProductType630
2023-09-05 10:37:10,248 [MainThread  ] [INFO ]  http://www.ratingsite1.fr/ProductType1000
2023-09-05 10:37:10,273 [MainThread  ] [INFO ]  http://www.vendor2.fr/ProductType199
2023-09-05 10:37:10,293 [MainThread  ] [INFO ]  http://www.ratingsite5.fr/ProductType844
2023-09-05 10:37:10,316 [MainThread  ] [INFO ]  http://www.vendor3.fr/ProductType657
2023-09-05 10:37:10,320 [MainThread  ] [INFO ]  http://www.vendor5.fr/ProductType727
2023-09-05 10:37:10,325 [MainThread  ] [INFO ]  http://www.vendor1.fr/ProductType651
2023-09-05 10:37:10,374 [MainThread  ] [INFO ]  http://www.ratingsite9.fr/ProductType300
2023-09-05 10:37:10,394 [MainThread  ] [INFO ]  http://www.vendor9.fr/ProductType343
2023-09-05 10:37:10,419 [MainThread  ] [INFO ]  http://www.vendor7.fr/ProductType172
2023-09-05 10:37:10,430 [MainThread  ] [INFO ]  http://www.ratingsite4.fr/ProductType653
2023-09-05 10:37:10,459 [MainThread  ] [INFO ]  http://www.vendor8.fr/ProductType319
2023-09-05 10:37:10,482 [MainThread  ] [INFO ]  http://www.ratingsite7.fr/ProductType548
2023-09-05 10:37:10,484 [MainThread  ] [INFO ]  http://www.ratingsite8.fr/ProductType368
2023-09-05 10:37:10,486 [MainThread  ] [INFO ]  http://www.ratingsite6.fr/ProductType610
2023-09-05 10:37:10,522 [MainThread  ] [INFO ]  http://www.ratingsite1.fr/ProductType184
2023-09-05 10:37:10,558 [MainThread  ] [INFO ]  http://www.vendor0.fr/ProductType597
2023-09-05 10:37:10,562 [MainThread  ] [INFO ]  http://www.ratingsite2.fr/ProductType641
2023-09-05 10:37:10,562 [MainThread  ] [INFO ]  http://www.vendor6.fr/ProductType807
2023-09-05 10:37:10,578 [MainThread  ] [INFO ]  http://www.ratingsite3.fr/ProductType806
2023-09-05 10:37:10,589 [MainThread  ] [INFO ]  http://www.ratingsite0.fr/ProductType271
2023-09-05 10:37:10,639 [MainThread  ] [INFO ]  http://www.vendor4.fr/ProductType647
2023-09-05 10:37:10,671 [MainThread  ] [INFO ]  http://www.vendor2.fr/ProductType385
2023-09-05 10:37:10,687 [MainThread  ] [INFO ]  http://www.ratingsite5.fr/ProductType166
2023-09-05 10:37:10,700 [MainThread  ] [INFO ]  http://www.vendor3.fr/ProductType760
2023-09-05 10:37:10,711 [MainThread  ] [INFO ]  http://www.vendor1.fr/ProductType653
2023-09-05 10:37:10,770 [MainThread  ] [INFO ]  http://www.vendor5.fr/ProductType305
2023-09-05 10:37:10,806 [MainThread  ] [INFO ]  http://www.ratingsite9.fr/ProductType345
2023-09-05 10:37:10,837 [MainThread  ] [INFO ]  http://www.vendor9.fr/ProductType359
2023-09-05 10:37:10,854 [MainThread  ] [INFO ]  http://www.ratingsite1.fr/ProductType499
2023-09-05 10:37:10,872 [MainThread  ] [INFO ]  http://www.vendor7.fr/ProductType255
2023-09-05 10:37:10,881 [MainThread  ] [INFO ]  http://www.ratingsite4.fr/ProductType772
2023-09-05 10:37:10,892 [MainThread  ] [INFO ]  http://www.vendor8.fr/ProductType333
2023-09-05 10:37:10,897 [MainThread  ] [INFO ]  http://www.ratingsite7.fr/ProductType551
2023-09-05 10:37:10,935 [MainThread  ] [INFO ]  http://www.ratingsite8.fr/ProductType412
2023-09-05 10:37:10,942 [MainThread  ] [INFO ]  http://www.ratingsite6.fr/ProductType642
2023-09-05 10:37:10,958 [MainThread  ] [INFO ]  http://www.ratingsite2.fr/ProductType656
2023-09-05 10:37:10,974 [MainThread  ] [INFO ]  http://www.ratingsite3.fr/ProductType933
2023-09-05 10:37:10,980 [MainThread  ] [INFO ]  http://www.vendor0.fr/ProductType676
2023-09-05 10:37:10,985 [MainThread  ] [INFO ]  http://www.ratingsite0.fr/ProductType456
2023-09-05 10:37:10,994 [MainThread  ] [INFO ]  http://www.vendor6.fr/ProductType942
2023-09-05 10:37:11,070 [MainThread  ] [INFO ]  http://www.vendor4.fr/ProductType911
2023-09-05 10:37:11,101 [MainThread  ] [INFO ]  http://www.vendor2.fr/ProductType427
2023-09-05 10:37:11,113 [MainThread  ] [INFO ]  http://www.vendor1.fr/ProductType231
2023-09-05 10:37:11,141 [MainThread  ] [INFO ]  http://www.ratingsite5.fr/ProductType454
2023-09-05 10:37:11,146 [MainThread  ] [INFO ]  http://www.vendor3.fr/ProductType1023
2023-09-05 10:37:11,209 [MainThread  ] [INFO ]  http://www.vendor5.fr/ProductType485
2023-09-05 10:37:11,212 [MainThread  ] [INFO ]  http://www.ratingsite9.fr/ProductType382
2023-09-05 10:37:11,262 [MainThread  ] [INFO ]  http://www.vendor9.fr/ProductType530
2023-09-05 10:37:11,279 [MainThread  ] [INFO ]  http://www.ratingsite1.fr/ProductType513
2023-09-05 10:37:11,297 [MainThread  ] [INFO ]  http://www.ratingsite4.fr/ProductType377
2023-09-05 10:37:11,315 [MainThread  ] [INFO ]  http://www.vendor7.fr/ProductType442
2023-09-05 10:37:11,319 [MainThread  ] [INFO ]  http://www.vendor8.fr/ProductType359
2023-09-05 10:37:11,336 [MainThread  ] [INFO ]  http://www.ratingsite7.fr/ProductType0
2023-09-05 10:37:11,374 [MainThread  ] [INFO ]  http://www.ratingsite6.fr/ProductType158
2023-09-05 10:37:11,391 [MainThread  ] [INFO ]  http://www.ratingsite3.fr/ProductType166
2023-09-05 10:37:11,395 [MainThread  ] [INFO ]  http://www.vendor6.fr/ProductType399
2023-09-05 10:37:11,408 [MainThread  ] [INFO ]  http://www.vendor0.fr/ProductType381
2023-09-05 10:37:11,413 [MainThread  ] [INFO ]  http://www.ratingsite2.fr/ProductType27
2023-09-05 10:37:11,424 [MainThread  ] [INFO ]  http://www.ratingsite8.fr/ProductType423
2023-09-05 10:37:11,434 [MainThread  ] [INFO ]  http://www.ratingsite0.fr/ProductType520
2023-09-05 10:37:11,475 [MainThread  ] [INFO ]  http://www.vendor4.fr/ProductType369
2023-09-05 10:37:11,523 [MainThread  ] [INFO ]  http://www.vendor1.fr/ProductType426
2023-09-05 10:37:11,526 [MainThread  ] [INFO ]  http://www.vendor2.fr/ProductType481
2023-09-05 10:37:11,572 [MainThread  ] [INFO ]  http://www.vendor3.fr/ProductType267
2023-09-05 10:37:11,580 [MainThread  ] [INFO ]  http://www.ratingsite5.fr/ProductType466
2023-09-05 10:37:11,626 [MainThread  ] [INFO ]  http://www.vendor5.fr/ProductType521
2023-09-05 10:37:11,642 [MainThread  ] [INFO ]  http://www.ratingsite9.fr/ProductType471
2023-09-05 10:37:11,692 [MainThread  ] [INFO ]  http://www.vendor9.fr/ProductType566
2023-09-05 10:37:11,694 [MainThread  ] [INFO ]  http://www.ratingsite1.fr/ProductType536
2023-09-05 10:37:11,706 [MainThread  ] [INFO ]  http://www.ratingsite4.fr/ProductType465
2023-09-05 10:37:11,763 [MainThread  ] [INFO ]  http://www.vendor7.fr/ProductType529
2023-09-05 10:37:11,768 [MainThread  ] [INFO ]  http://www.vendor8.fr/ProductType482
2023-09-05 10:37:11,784 [MainThread  ] [INFO ]  http://www.ratingsite7.fr/ProductType239
2023-09-05 10:37:11,806 [MainThread  ] [INFO ]  http://www.ratingsite6.fr/ProductType195
2023-09-05 10:37:11,839 [MainThread  ] [INFO ]  http://www.ratingsite3.fr/ProductType454
2023-09-05 10:37:11,841 [MainThread  ] [INFO ]  http://www.vendor6.fr/ProductType407
2023-09-05 10:37:11,843 [MainThread  ] [INFO ]  http://www.ratingsite8.fr/ProductType512
2023-09-05 10:37:11,849 [MainThread  ] [INFO ]  http://www.ratingsite2.fr/ProductType781
2023-09-05 10:37:11,859 [MainThread  ] [INFO ]  http://www.vendor0.fr/ProductType400
2023-09-05 10:37:11,869 [MainThread  ] [INFO ]  http://www.ratingsite0.fr/ProductType590
2023-09-05 10:37:11,916 [MainThread  ] [INFO ]  http://www.vendor1.fr/ProductType427
2023-09-05 10:37:11,923 [MainThread  ] [INFO ]  http://www.vendor4.fr/ProductType273
2023-09-05 10:37:11,942 [MainThread  ] [INFO ]  http://www.vendor2.fr/ProductType556
2023-09-05 10:37:12,006 [MainThread  ] [INFO ]  http://www.vendor3.fr/ProductType284
2023-09-05 10:37:12,021 [MainThread  ] [INFO ]  http://www.vendor5.fr/ProductType543
2023-09-05 10:37:12,041 [MainThread  ] [INFO ]  http://www.ratingsite5.fr/ProductType567
2023-09-05 10:37:12,072 [MainThread  ] [INFO ]  http://www.ratingsite9.fr/ProductType571
2023-09-05 10:37:12,098 [MainThread  ] [INFO ]  http://www.ratingsite1.fr/ProductType633
2023-09-05 10:37:12,103 [MainThread  ] [INFO ]  http://www.ratingsite4.fr/ProductType496
2023-09-05 10:37:12,122 [MainThread  ] [INFO ]  http://www.vendor9.fr/ProductType690
2023-09-05 10:37:12,174 [MainThread  ] [INFO ]  http://www.vendor7.fr/ProductType597
2023-09-05 10:37:12,182 [MainThread  ] [INFO ]  http://www.vendor8.fr/ProductType575
2023-09-05 10:37:12,200 [MainThread  ] [INFO ]  http://www.ratingsite7.fr/ProductType246
2023-09-05 10:37:12,219 [MainThread  ] [INFO ]  http://www.ratingsite6.fr/ProductType356
2023-09-05 10:37:12,254 [MainThread  ] [INFO ]  http://www.vendor6.fr/ProductType553
2023-09-05 10:37:12,259 [MainThread  ] [INFO ]  http://www.ratingsite8.fr/ProductType607
2023-09-05 10:37:12,271 [MainThread  ] [INFO ]  http://www.ratingsite2.fr/ProductType859
2023-09-05 10:37:12,273 [MainThread  ] [INFO ]  http://www.ratingsite0.fr/ProductType637
2023-09-05 10:37:12,275 [MainThread  ] [INFO ]  http://www.vendor0.fr/ProductType435
2023-09-05 10:37:12,283 [MainThread  ] [INFO ]  http://www.ratingsite3.fr/ProductType466
2023-09-05 10:37:12,343 [MainThread  ] [INFO ]  http://www.vendor4.fr/ProductType432
2023-09-05 10:37:12,350 [MainThread  ] [INFO ]  http://www.vendor1.fr/ProductType464
2023-09-05 10:37:12,370 [MainThread  ] [INFO ]  http://www.vendor2.fr/ProductType684
2023-09-05 10:37:12,420 [MainThread  ] [INFO ]  http://www.vendor3.fr/ProductType419
2023-09-05 10:37:12,425 [MainThread  ] [INFO ]  http://www.vendor5.fr/ProductType562
2023-09-05 10:37:12,439 [MainThread  ] [INFO ]  http://www.ratingsite5.fr/ProductType605
2023-09-05 10:37:12,513 [MainThread  ] [INFO ]  http://www.ratingsite9.fr/ProductType694
2023-09-05 10:37:12,539 [MainThread  ] [INFO ]  http://www.ratingsite4.fr/ProductType546
2023-09-05 10:37:12,542 [MainThread  ] [INFO ]  http://www.vendor9.fr/ProductType736
2023-09-05 10:37:12,556 [MainThread  ] [INFO ]  http://www.ratingsite1.fr/ProductType678
2023-09-05 10:37:12,599 [MainThread  ] [INFO ]  http://www.vendor8.fr/ProductType587
2023-09-05 10:37:12,608 [MainThread  ] [INFO ]  http://www.vendor7.fr/ProductType599
2023-09-05 10:37:12,631 [MainThread  ] [INFO ]  http://www.ratingsite7.fr/ProductType344
2023-09-05 10:37:12,652 [MainThread  ] [INFO ]  http://www.ratingsite6.fr/ProductType422
2023-09-05 10:37:12,669 [MainThread  ] [INFO ]  http://www.ratingsite8.fr/ProductType609
2023-09-05 10:37:12,670 [MainThread  ] [INFO ]  http://www.ratingsite2.fr/ProductType352
2023-09-05 10:37:12,702 [MainThread  ] [INFO ]  http://www.ratingsite0.fr/ProductType691
2023-09-05 10:37:12,704 [MainThread  ] [INFO ]  http://www.vendor6.fr/ProductType558
2023-09-05 10:37:12,716 [MainThread  ] [INFO ]  http://www.ratingsite3.fr/ProductType567
2023-09-05 10:37:12,733 [MainThread  ] [INFO ]  http://www.vendor0.fr/ProductType523
2023-09-05 10:37:12,771 [MainThread  ] [INFO ]  http://www.vendor4.fr/ProductType456
2023-09-05 10:37:12,778 [MainThread  ] [INFO ]  http://www.vendor2.fr/ProductType754
2023-09-05 10:37:12,807 [MainThread  ] [INFO ]  http://www.vendor1.fr/ProductType560
2023-09-05 10:37:12,809 [MainThread  ] [INFO ]  http://www.ratingsite5.fr/ProductType620
2023-09-05 10:37:12,816 [MainThread  ] [INFO ]  http://www.vendor3.fr/ProductType576
2023-09-05 10:37:12,832 [MainThread  ] [INFO ]  http://www.vendor5.fr/ProductType564
2023-09-05 10:37:12,923 [MainThread  ] [INFO ]  http://www.ratingsite9.fr/ProductType896
2023-09-05 10:37:12,948 [MainThread  ] [INFO ]  http://www.ratingsite4.fr/ProductType592
2023-09-05 10:37:12,954 [MainThread  ] [INFO ]  http://www.vendor9.fr/ProductType856
2023-09-05 10:37:12,975 [MainThread  ] [INFO ]  http://www.ratingsite1.fr/ProductType740
2023-09-05 10:37:13,008 [MainThread  ] [INFO ]  http://www.vendor8.fr/ProductType600
2023-09-05 10:37:13,040 [MainThread  ] [INFO ]  http://www.vendor7.fr/ProductType746
2023-09-05 10:37:13,073 [MainThread  ] [INFO ]  http://www.ratingsite6.fr/ProductType658
2023-09-05 10:37:13,083 [MainThread  ] [INFO ]  http://www.ratingsite2.fr/ProductType414
2023-09-05 10:37:13,085 [MainThread  ] [INFO ]  http://www.ratingsite8.fr/ProductType649
2023-09-05 10:37:13,090 [MainThread  ] [INFO ]  http://www.ratingsite7.fr/ProductType472
2023-09-05 10:37:13,110 [MainThread  ] [INFO ]  http://www.ratingsite0.fr/ProductType770
2023-09-05 10:37:13,113 [MainThread  ] [INFO ]  http://www.vendor6.fr/ProductType559
2023-09-05 10:37:13,134 [MainThread  ] [INFO ]  http://www.ratingsite3.fr/ProductType605
2023-09-05 10:37:13,165 [MainThread  ] [INFO ]  http://www.vendor0.fr/ProductType570
2023-09-05 10:37:13,180 [MainThread  ] [INFO ]  http://www.vendor4.fr/ProductType546
2023-09-05 10:37:13,204 [MainThread  ] [INFO ]  http://www.vendor2.fr/ProductType779
2023-09-05 10:37:13,221 [MainThread  ] [INFO ]  http://www.ratingsite5.fr/ProductType651
2023-09-05 10:37:13,232 [MainThread  ] [INFO ]  http://www.vendor1.fr/ProductType620
2023-09-05 10:37:13,233 [MainThread  ] [INFO ]  http://www.vendor5.fr/ProductType642
2023-09-05 10:37:13,242 [MainThread  ] [INFO ]  http://www.vendor3.fr/ProductType588
2023-09-05 10:37:13,337 [MainThread  ] [INFO ]  http://www.ratingsite9.fr/ProductType0
2023-09-05 10:37:13,365 [MainThread  ] [INFO ]  http://www.ratingsite4.fr/ProductType594
2023-09-05 10:37:13,383 [MainThread  ] [INFO ]  http://www.vendor9.fr/ProductType991
2023-09-05 10:37:13,392 [MainThread  ] [INFO ]  http://www.ratingsite1.fr/ProductType745
2023-09-05 10:37:13,425 [MainThread  ] [INFO ]  http://www.vendor8.fr/ProductType638
2023-09-05 10:37:13,437 [MainThread  ] [INFO ]  http://www.vendor7.fr/ProductType782
2023-09-05 10:37:13,473 [MainThread  ] [INFO ]  http://www.ratingsite6.fr/ProductType690
2023-09-05 10:37:13,495 [MainThread  ] [INFO ]  http://www.ratingsite7.fr/ProductType491
2023-09-05 10:37:13,512 [MainThread  ] [INFO ]  http://www.ratingsite8.fr/ProductType813
2023-09-05 10:37:13,524 [MainThread  ] [INFO ]  http://www.ratingsite0.fr/ProductType828
2023-09-05 10:37:13,530 [MainThread  ] [INFO ]  http://www.ratingsite2.fr/ProductType573
2023-09-05 10:37:13,545 [MainThread  ] [INFO ]  http://www.ratingsite3.fr/ProductType620
2023-09-05 10:37:13,548 [MainThread  ] [INFO ]  http://www.vendor6.fr/ProductType582
2023-09-05 10:37:13,587 [MainThread  ] [INFO ]  http://www.vendor0.fr/ProductType579
2023-09-05 10:37:13,609 [MainThread  ] [INFO ]  http://www.vendor4.fr/ProductType553
2023-09-05 10:37:13,635 [MainThread  ] [INFO ]  http://www.vendor2.fr/ProductType543
2023-09-05 10:37:13,637 [MainThread  ] [INFO ]  http://www.vendor1.fr/ProductType638
2023-09-05 10:37:13,652 [MainThread  ] [INFO ]  http://www.ratingsite5.fr/ProductType679
2023-09-05 10:37:13,658 [MainThread  ] [INFO ]  http://www.vendor3.fr/ProductType799
2023-09-05 10:37:13,668 [MainThread  ] [INFO ]  http://www.vendor5.fr/ProductType21
2023-09-05 10:37:13,736 [MainThread  ] [INFO ]  http://www.ratingsite9.fr/ProductType368
2023-09-05 10:37:13,773 [MainThread  ] [INFO ]  http://www.ratingsite4.fr/ProductType659
2023-09-05 10:37:13,790 [MainThread  ] [INFO ]  http://www.vendor9.fr/ProductType338
2023-09-05 10:37:13,831 [MainThread  ] [INFO ]  http://www.ratingsite1.fr/ProductType315
2023-09-05 10:37:13,839 [MainThread  ] [INFO ]  http://www.vendor8.fr/ProductType203
2023-09-05 10:37:13,844 [MainThread  ] [INFO ]  http://www.vendor7.fr/ProductType821
2023-09-05 10:37:13,882 [MainThread  ] [INFO ]  http://www.ratingsite6.fr/ProductType691
2023-09-05 10:37:13,908 [MainThread  ] [INFO ]  http://www.ratingsite7.fr/ProductType563
2023-09-05 10:37:13,917 [MainThread  ] [INFO ]  http://www.ratingsite2.fr/ProductType579
2023-09-05 10:37:13,924 [MainThread  ] [INFO ]  http://www.ratingsite8.fr/ProductType362
2023-09-05 10:37:13,938 [MainThread  ] [INFO ]  http://www.ratingsite0.fr/ProductType359
2023-09-05 10:37:13,939 [MainThread  ] [INFO ]  http://www.vendor6.fr/ProductType639
2023-09-05 10:37:13,965 [MainThread  ] [INFO ]  http://www.ratingsite3.fr/ProductType651
2023-09-05 10:37:14,010 [MainThread  ] [INFO ]  http://www.vendor0.fr/ProductType638
2023-09-05 10:37:14,013 [MainThread  ] [INFO ]  http://www.vendor2.fr/ProductType215
2023-09-05 10:37:14,040 [MainThread  ] [INFO ]  http://www.vendor4.fr/ProductType623
2023-09-05 10:37:14,050 [MainThread  ] [INFO ]  http://www.vendor1.fr/ProductType708
2023-09-05 10:37:14,053 [MainThread  ] [INFO ]  http://www.vendor3.fr/ProductType802
2023-09-05 10:37:14,063 [MainThread  ] [INFO ]  http://www.ratingsite5.fr/ProductType933
2023-09-05 10:37:14,079 [MainThread  ] [INFO ]  http://www.vendor5.fr/ProductType275
2023-09-05 10:37:14,159 [MainThread  ] [INFO ]  http://www.ratingsite9.fr/ProductType383
2023-09-05 10:37:14,199 [MainThread  ] [INFO ]  http://www.ratingsite4.fr/ProductType796
2023-09-05 10:37:14,206 [MainThread  ] [INFO ]  http://www.vendor9.fr/ProductType370
2023-09-05 10:37:14,236 [MainThread  ] [INFO ]  http://www.vendor7.fr/ProductType262
2023-09-05 10:37:14,247 [MainThread  ] [INFO ]  http://www.vendor8.fr/ProductType219
2023-09-05 10:37:14,250 [MainThread  ] [INFO ]  http://www.ratingsite1.fr/ProductType323
2023-09-05 10:37:14,315 [MainThread  ] [INFO ]  http://www.ratingsite7.fr/ProductType577
2023-09-05 10:37:14,330 [MainThread  ] [INFO ]  http://www.ratingsite6.fr/ProductType753
2023-09-05 10:37:14,341 [MainThread  ] [INFO ]  http://www.ratingsite8.fr/ProductType370
2023-09-05 10:37:14,343 [MainThread  ] [INFO ]  http://www.ratingsite2.fr/ProductType623
2023-09-05 10:37:14,359 [MainThread  ] [INFO ]  http://www.vendor6.fr/ProductType658
2023-09-05 10:37:14,374 [MainThread  ] [INFO ]  http://www.ratingsite0.fr/ProductType420
2023-09-05 10:37:14,404 [MainThread  ] [INFO ]  http://www.ratingsite3.fr/ProductType679
2023-09-05 10:37:14,441 [MainThread  ] [INFO ]  http://www.vendor2.fr/ProductType318
2023-09-05 10:37:14,442 [MainThread  ] [INFO ]  http://www.vendor0.fr/ProductType679
2023-09-05 10:37:14,445 [MainThread  ] [INFO ]  http://www.vendor4.fr/ProductType754
2023-09-05 10:37:14,457 [MainThread  ] [INFO ]  http://www.vendor1.fr/ProductType712
2023-09-05 10:37:14,465 [MainThread  ] [INFO ]  http://www.vendor3.fr/ProductType389
2023-09-05 10:37:14,484 [MainThread  ] [INFO ]  http://www.ratingsite5.fr/ProductType234
2023-09-05 10:37:14,524 [MainThread  ] [INFO ]  http://www.vendor5.fr/ProductType332
2023-09-05 10:37:14,574 [MainThread  ] [INFO ]  http://www.ratingsite9.fr/ProductType417
2023-09-05 10:37:14,603 [MainThread  ] [INFO ]  http://www.ratingsite4.fr/ProductType806
2023-09-05 10:37:14,623 [MainThread  ] [INFO ]  http://www.vendor9.fr/ProductType385
2023-09-05 10:37:14,661 [MainThread  ] [INFO ]  http://www.ratingsite1.fr/ProductType371
2023-09-05 10:37:14,664 [MainThread  ] [INFO ]  http://www.vendor7.fr/ProductType445
2023-09-05 10:37:14,670 [MainThread  ] [INFO ]  http://www.vendor8.fr/ProductType253
2023-09-05 10:37:14,726 [MainThread  ] [INFO ]  http://www.ratingsite7.fr/ProductType649
2023-09-05 10:37:14,738 [MainThread  ] [INFO ]  http://www.ratingsite6.fr/ProductType945
2023-09-05 10:37:14,744 [MainThread  ] [INFO ]  http://www.ratingsite8.fr/ProductType374
2023-09-05 10:37:14,770 [MainThread  ] [INFO ]  http://www.ratingsite0.fr/ProductType452
2023-09-05 10:37:14,779 [MainThread  ] [INFO ]  http://www.ratingsite2.fr/ProductType635
2023-09-05 10:37:14,803 [MainThread  ] [INFO ]  http://www.vendor6.fr/ProductType299
2023-09-05 10:37:14,827 [MainThread  ] [INFO ]  http://www.ratingsite3.fr/ProductType409
2023-09-05 10:37:14,842 [MainThread  ] [INFO ]  http://www.vendor4.fr/ProductType788
2023-09-05 10:37:14,856 [MainThread  ] [INFO ]  http://www.vendor1.fr/ProductType266
2023-09-05 10:37:14,871 [MainThread  ] [INFO ]  http://www.vendor2.fr/ProductType345
2023-09-05 10:37:14,877 [MainThread  ] [INFO ]  http://www.vendor3.fr/ProductType393
2023-09-05 10:37:14,884 [MainThread  ] [INFO ]  http://www.vendor0.fr/ProductType739
2023-09-05 10:37:14,915 [MainThread  ] [INFO ]  http://www.vendor5.fr/ProductType436
2023-09-05 10:37:14,922 [MainThread  ] [INFO ]  http://www.ratingsite5.fr/ProductType365
2023-09-05 10:37:14,980 [MainThread  ] [INFO ]  http://www.ratingsite9.fr/ProductType434
2023-09-05 10:37:15,002 [MainThread  ] [INFO ]  http://www.ratingsite4.fr/ProductType219
2023-09-05 10:37:15,057 [MainThread  ] [INFO ]  http://www.vendor9.fr/ProductType424
2023-09-05 10:37:15,076 [MainThread  ] [INFO ]  http://www.ratingsite1.fr/ProductType476
2023-09-05 10:37:15,077 [MainThread  ] [INFO ]  http://www.vendor7.fr/ProductType475
2023-09-05 10:37:15,082 [MainThread  ] [INFO ]  http://www.vendor8.fr/ProductType307
2023-09-05 10:37:15,146 [MainThread  ] [INFO ]  http://www.ratingsite7.fr/ProductType220
2023-09-05 10:37:15,167 [MainThread  ] [INFO ]  http://www.ratingsite8.fr/ProductType405
2023-09-05 10:37:15,173 [MainThread  ] [INFO ]  http://www.ratingsite6.fr/ProductType478
2023-09-05 10:37:15,205 [MainThread  ] [INFO ]  http://www.ratingsite2.fr/ProductType687
2023-09-05 10:37:15,215 [MainThread  ] [INFO ]  http://www.ratingsite0.fr/ProductType468
2023-09-05 10:37:15,222 [MainThread  ] [INFO ]  http://www.vendor6.fr/ProductType303
2023-09-05 10:37:15,264 [MainThread  ] [INFO ]  http://www.ratingsite3.fr/ProductType418
2023-09-05 10:37:15,274 [MainThread  ] [INFO ]  http://www.vendor4.fr/ProductType360
2023-09-05 10:37:15,276 [MainThread  ] [INFO ]  http://www.vendor2.fr/ProductType509
2023-09-05 10:37:15,276 [MainThread  ] [INFO ]  http://www.vendor3.fr/ProductType408
2023-09-05 10:37:15,286 [MainThread  ] [INFO ]  http://www.vendor1.fr/ProductType344
2023-09-05 10:37:15,328 [MainThread  ] [INFO ]  http://www.vendor0.fr/ProductType424
2023-09-05 10:37:15,341 [MainThread  ] [INFO ]  http://www.ratingsite5.fr/ProductType418
2023-09-05 10:37:15,344 [MainThread  ] [INFO ]  http://www.vendor5.fr/ProductType560
2023-09-05 10:37:15,415 [MainThread  ] [INFO ]  http://www.ratingsite9.fr/ProductType463
2023-09-05 10:37:15,435 [MainThread  ] [INFO ]  http://www.ratingsite4.fr/ProductType360
2023-09-05 10:37:15,479 [MainThread  ] [INFO ]  http://www.vendor9.fr/ProductType478
2023-09-05 10:37:15,491 [MainThread  ] [INFO ]  http://www.vendor7.fr/ProductType552
2023-09-05 10:37:15,506 [MainThread  ] [INFO ]  http://www.ratingsite1.fr/ProductType500
2023-09-05 10:37:15,512 [MainThread  ] [INFO ]  http://www.vendor8.fr/ProductType384
2023-09-05 10:37:15,583 [MainThread  ] [INFO ]  http://www.ratingsite7.fr/ProductType322
2023-09-05 10:37:15,583 [MainThread  ] [INFO ]  http://www.ratingsite6.fr/ProductType480
2023-09-05 10:37:15,585 [MainThread  ] [INFO ]  http://www.ratingsite8.fr/ProductType457
2023-09-05 10:37:15,610 [MainThread  ] [INFO ]  http://www.ratingsite2.fr/ProductType266
2023-09-05 10:37:15,642 [MainThread  ] [INFO ]  http://www.ratingsite0.fr/ProductType484
2023-09-05 10:37:15,673 [MainThread  ] [INFO ]  http://www.vendor3.fr/ProductType489
2023-09-05 10:37:15,673 [MainThread  ] [INFO ]  http://www.vendor6.fr/ProductType363
2023-09-05 10:37:15,675 [MainThread  ] [INFO ]  http://www.ratingsite3.fr/ProductType427
2023-09-05 10:37:15,699 [MainThread  ] [INFO ]  http://www.vendor4.fr/ProductType226
2023-09-05 10:37:15,700 [MainThread  ] [INFO ]  http://www.vendor2.fr/ProductType522
2023-09-05 10:37:15,705 [MainThread  ] [INFO ]  http://www.vendor1.fr/ProductType429
2023-09-05 10:37:15,712 [MainThread  ] [INFO ]  http://www.vendor5.fr/ProductType646
2023-09-05 10:37:15,738 [MainThread  ] [INFO ]  http://www.vendor0.fr/ProductType437
2023-09-05 10:37:15,770 [MainThread  ] [INFO ]  http://www.ratingsite5.fr/ProductType435
2023-09-05 10:37:15,836 [MainThread  ] [INFO ]  http://www.ratingsite4.fr/ProductType392
2023-09-05 10:37:15,839 [MainThread  ] [INFO ]  http://www.ratingsite9.fr/ProductType539
2023-09-05 10:37:15,880 [MainThread  ] [INFO ]  http://www.vendor9.fr/ProductType632
2023-09-05 10:37:15,902 [MainThread  ] [INFO ]  http://www.vendor7.fr/ProductType613
2023-09-05 10:37:15,915 [MainThread  ] [INFO ]  http://www.vendor8.fr/ProductType402
2023-09-05 10:37:15,921 [MainThread  ] [INFO ]  http://www.ratingsite1.fr/ProductType501
2023-09-05 10:37:16,014 [MainThread  ] [INFO ]  http://www.ratingsite2.fr/ProductType333
2023-09-05 10:37:16,015 [MainThread  ] [INFO ]  http://www.ratingsite8.fr/ProductType529
2023-09-05 10:37:16,017 [MainThread  ] [INFO ]  http://www.ratingsite7.fr/ProductType354
2023-09-05 10:37:16,040 [MainThread  ] [INFO ]  http://www.ratingsite6.fr/ProductType500
2023-09-05 10:37:16,059 [MainThread  ] [INFO ]  http://www.ratingsite0.fr/ProductType592
2023-09-05 10:37:16,080 [MainThread  ] [INFO ]  http://www.vendor6.fr/ProductType579
2023-09-05 10:37:16,093 [MainThread  ] [INFO ]  http://www.ratingsite3.fr/ProductType501
2023-09-05 10:37:16,105 [MainThread  ] [INFO ]  http://www.vendor3.fr/ProductType504
2023-09-05 10:37:16,109 [MainThread  ] [INFO ]  http://www.vendor1.fr/ProductType457
2023-09-05 10:37:16,114 [MainThread  ] [INFO ]  http://www.vendor2.fr/ProductType631
2023-09-05 10:37:16,125 [MainThread  ] [INFO ]  http://www.vendor4.fr/ProductType498
2023-09-05 10:37:16,132 [MainThread  ] [INFO ]  http://www.vendor5.fr/ProductType654
2023-09-05 10:37:16,163 [MainThread  ] [INFO ]  http://www.vendor0.fr/ProductType452
2023-09-05 10:37:16,201 [MainThread  ] [INFO ]  http://www.ratingsite5.fr/ProductType484
2023-09-05 10:37:16,252 [MainThread  ] [INFO ]  http://www.ratingsite4.fr/ProductType432
2023-09-05 10:37:16,266 [MainThread  ] [INFO ]  http://www.ratingsite9.fr/ProductType779
2023-09-05 10:37:16,303 [MainThread  ] [INFO ]  http://www.vendor9.fr/ProductType635
2023-09-05 10:37:16,331 [MainThread  ] [INFO ]  http://www.ratingsite1.fr/ProductType576
2023-09-05 10:37:16,336 [MainThread  ] [INFO ]  http://www.vendor7.fr/ProductType614
2023-09-05 10:37:16,339 [MainThread  ] [INFO ]  http://www.vendor8.fr/ProductType480
2023-09-05 10:37:16,442 [MainThread  ] [INFO ]  http://www.ratingsite2.fr/ProductType429
2023-09-05 10:37:16,448 [MainThread  ] [INFO ]  http://www.ratingsite8.fr/ProductType546
2023-09-05 10:37:16,451 [MainThread  ] [INFO ]  http://www.ratingsite0.fr/ProductType702
2023-09-05 10:37:16,467 [MainThread  ] [INFO ]  http://www.ratingsite7.fr/ProductType393
2023-09-05 10:37:16,467 [MainThread  ] [INFO ]  http://www.ratingsite6.fr/ProductType514
2023-09-05 10:37:16,499 [MainThread  ] [INFO ]  http://www.vendor6.fr/ProductType587
2023-09-05 10:37:16,508 [MainThread  ] [INFO ]  http://www.ratingsite3.fr/ProductType517
2023-09-05 10:37:16,519 [MainThread  ] [INFO ]  http://www.vendor1.fr/ProductType466
2023-09-05 10:37:16,528 [MainThread  ] [INFO ]  http://www.vendor4.fr/ProductType504
2023-09-05 10:37:16,533 [MainThread  ] [INFO ]  http://www.vendor3.fr/ProductType558
2023-09-05 10:37:16,546 [MainThread  ] [INFO ]  http://www.vendor5.fr/ProductType700
2023-09-05 10:37:16,551 [MainThread  ] [INFO ]  http://www.vendor2.fr/ProductType725
2023-09-05 10:37:16,562 [MainThread  ] [INFO ]  http://www.vendor0.fr/ProductType464
2023-09-05 10:37:16,631 [MainThread  ] [INFO ]  http://www.ratingsite5.fr/ProductType539
2023-09-05 10:37:16,689 [MainThread  ] [INFO ]  http://www.ratingsite9.fr/ProductType877
2023-09-05 10:37:16,701 [MainThread  ] [INFO ]  http://www.ratingsite4.fr/ProductType458
2023-09-05 10:37:16,711 [MainThread  ] [INFO ]  http://www.vendor9.fr/ProductType696
2023-09-05 10:37:16,736 [MainThread  ] [INFO ]  http://www.vendor7.fr/ProductType676
2023-09-05 10:37:16,744 [MainThread  ] [INFO ]  http://www.ratingsite1.fr/ProductType622
2023-09-05 10:37:16,766 [MainThread  ] [INFO ]  http://www.vendor8.fr/ProductType493
2023-09-05 10:37:16,851 [MainThread  ] [INFO ]  http://www.ratingsite8.fr/ProductType582
2023-09-05 10:37:16,872 [MainThread  ] [INFO ]  http://www.ratingsite7.fr/ProductType470
2023-09-05 10:37:16,877 [MainThread  ] [INFO ]  http://www.ratingsite2.fr/ProductType488
2023-09-05 10:37:16,886 [MainThread  ] [INFO ]  http://www.ratingsite6.fr/ProductType525
2023-09-05 10:37:16,894 [MainThread  ] [INFO ]  http://www.ratingsite0.fr/ProductType749
2023-09-05 10:37:16,926 [MainThread  ] [INFO ]  http://www.ratingsite3.fr/ProductType655
2023-09-05 10:37:16,942 [MainThread  ] [INFO ]  http://www.vendor6.fr/ProductType689
2023-09-05 10:37:16,945 [MainThread  ] [INFO ]  http://www.vendor0.fr/ProductType624
2023-09-05 10:37:16,946 [MainThread  ] [INFO ]  http://www.vendor1.fr/ProductType663
2023-09-05 10:37:16,948 [MainThread  ] [INFO ]  http://www.vendor5.fr/ProductType706
2023-09-05 10:37:16,959 [MainThread  ] [INFO ]  http://www.vendor4.fr/ProductType571
2023-09-05 10:37:16,965 [MainThread  ] [INFO ]  http://www.vendor3.fr/ProductType693
2023-09-05 10:37:17,011 [MainThread  ] [INFO ]  http://www.vendor2.fr/ProductType837
2023-09-05 10:37:17,065 [MainThread  ] [INFO ]  http://www.ratingsite5.fr/ProductType792
2023-09-05 10:37:17,118 [MainThread  ] [INFO ]  http://www.ratingsite4.fr/ProductType519
2023-09-05 10:37:17,135 [MainThread  ] [INFO ]  http://www.ratingsite9.fr/ProductType266
2023-09-05 10:37:17,139 [MainThread  ] [INFO ]  http://www.vendor9.fr/ProductType703
2023-09-05 10:37:17,171 [MainThread  ] [INFO ]  http://www.vendor7.fr/ProductType69
2023-09-05 10:37:17,193 [MainThread  ] [INFO ]  http://www.ratingsite1.fr/ProductType698
2023-09-05 10:37:17,197 [MainThread  ] [INFO ]  http://www.vendor8.fr/ProductType652
2023-09-05 10:37:17,295 [MainThread  ] [INFO ]  http://www.ratingsite7.fr/ProductType572
2023-09-05 10:37:17,312 [MainThread  ] [INFO ]  http://www.ratingsite8.fr/ProductType706
2023-09-05 10:37:17,330 [MainThread  ] [INFO ]  http://www.ratingsite2.fr/ProductType599
2023-09-05 10:37:17,333 [MainThread  ] [INFO ]  http://www.ratingsite6.fr/ProductType534
2023-09-05 10:37:17,335 [MainThread  ] [INFO ]  http://www.ratingsite0.fr/ProductType759
2023-09-05 10:37:17,350 [MainThread  ] [INFO ]  http://www.ratingsite3.fr/ProductType663
2023-09-05 10:37:17,357 [MainThread  ] [INFO ]  http://www.vendor6.fr/ProductType708
2023-09-05 10:37:17,391 [MainThread  ] [INFO ]  http://www.vendor3.fr/ProductType753
2023-09-05 10:37:17,401 [MainThread  ] [INFO ]  http://www.vendor5.fr/ProductType227
2023-09-05 10:37:17,401 [MainThread  ] [INFO ]  http://www.vendor4.fr/ProductType592
2023-09-05 10:37:17,412 [MainThread  ] [INFO ]  http://www.vendor1.fr/ProductType666
2023-09-05 10:37:17,420 [MainThread  ] [INFO ]  http://www.vendor0.fr/ProductType657
2023-09-05 10:37:17,433 [MainThread  ] [INFO ]  http://www.vendor2.fr/ProductType876
2023-09-05 10:37:17,502 [MainThread  ] [INFO ]  http://www.ratingsite5.fr/ProductType830
2023-09-05 10:37:17,534 [MainThread  ] [INFO ]  http://www.ratingsite4.fr/ProductType560
2023-09-05 10:37:17,552 [MainThread  ] [INFO ]  http://www.ratingsite9.fr/ProductType396
2023-09-05 10:37:17,555 [MainThread  ] [INFO ]  http://www.vendor7.fr/ProductType151
2023-09-05 10:37:17,564 [MainThread  ] [INFO ]  http://www.vendor9.fr/ProductType203
2023-09-05 10:37:17,601 [MainThread  ] [INFO ]  http://www.vendor8.fr/ProductType380
2023-09-05 10:37:17,639 [MainThread  ] [INFO ]  http://www.ratingsite1.fr/ProductType522
2023-09-05 10:37:17,698 [MainThread  ] [INFO ]  http://www.ratingsite7.fr/ProductType612
2023-09-05 10:37:17,739 [MainThread  ] [INFO ]  http://www.ratingsite8.fr/ProductType119
2023-09-05 10:37:17,753 [MainThread  ] [INFO ]  http://www.ratingsite2.fr/ProductType650
2023-09-05 10:37:17,769 [MainThread  ] [INFO ]  http://www.ratingsite0.fr/ProductType395
2023-09-05 10:37:17,780 [MainThread  ] [INFO ]  http://www.ratingsite6.fr/ProductType554
2023-09-05 10:37:17,786 [MainThread  ] [INFO ]  http://www.ratingsite3.fr/ProductType840
2023-09-05 10:37:17,787 [MainThread  ] [INFO ]  http://www.vendor6.fr/ProductType772
2023-09-05 10:37:17,811 [MainThread  ] [INFO ]  http://www.vendor4.fr/ProductType662
2023-09-05 10:37:17,821 [MainThread  ] [INFO ]  http://www.vendor3.fr/ProductType374
2023-09-05 10:37:17,827 [MainThread  ] [INFO ]  http://www.vendor5.fr/ProductType276
2023-09-05 10:37:17,842 [MainThread  ] [INFO ]  http://www.vendor0.fr/ProductType724
2023-09-05 10:37:17,842 [MainThread  ] [INFO ]  http://www.vendor1.fr/ProductType731
2023-09-05 10:37:17,850 [MainThread  ] [INFO ]  http://www.vendor2.fr/ProductType305
2023-09-05 10:37:17,940 [MainThread  ] [INFO ]  http://www.ratingsite4.fr/ProductType612
2023-09-05 10:37:17,941 [MainThread  ] [INFO ]  http://www.ratingsite5.fr/ProductType522
2023-09-05 10:37:17,985 [MainThread  ] [INFO ]  http://www.vendor9.fr/ProductType287
2023-09-05 10:37:17,993 [MainThread  ] [INFO ]  http://www.vendor7.fr/ProductType238
2023-09-05 10:37:17,993 [MainThread  ] [INFO ]  http://www.ratingsite9.fr/ProductType436
2023-09-05 10:37:18,052 [MainThread  ] [INFO ]  http://www.vendor8.fr/ProductType460
2023-09-05 10:37:18,084 [MainThread  ] [INFO ]  http://www.ratingsite1.fr/ProductType533
2023-09-05 10:37:18,152 [MainThread  ] [INFO ]  http://www.ratingsite8.fr/ProductType227
2023-09-05 10:37:18,174 [MainThread  ] [INFO ]  http://www.ratingsite0.fr/ProductType444
2023-09-05 10:37:18,178 [MainThread  ] [INFO ]  http://www.ratingsite2.fr/ProductType684
2023-09-05 10:37:18,179 [MainThread  ] [INFO ]  http://www.ratingsite7.fr/ProductType731
2023-09-05 10:37:18,199 [MainThread  ] [INFO ]  http://www.vendor6.fr/ProductType828
2023-09-05 10:37:18,202 [MainThread  ] [INFO ]  http://www.ratingsite6.fr/ProductType579
2023-09-05 10:37:18,224 [MainThread  ] [INFO ]  http://www.vendor5.fr/ProductType290
2023-09-05 10:37:18,231 [MainThread  ] [INFO ]  http://www.ratingsite3.fr/ProductType901
2023-09-05 10:37:18,237 [MainThread  ] [INFO ]  http://www.vendor4.fr/ProductType665
2023-09-05 10:37:18,242 [MainThread  ] [INFO ]  http://www.vendor3.fr/ProductType433
2023-09-05 10:37:18,257 [MainThread  ] [INFO ]  http://www.vendor1.fr/ProductType753
2023-09-05 10:37:18,274 [MainThread  ] [INFO ]  http://www.vendor0.fr/ProductType775
2023-09-05 10:37:18,283 [MainThread  ] [INFO ]  http://www.vendor2.fr/ProductType485
2023-09-05 10:37:18,403 [MainThread  ] [INFO ]  http://www.ratingsite4.fr/ProductType728
2023-09-05 10:37:18,417 [MainThread  ] [INFO ]  http://www.ratingsite5.fr/ProductType533
2023-09-05 10:37:18,422 [MainThread  ] [INFO ]  http://www.ratingsite9.fr/ProductType455
2023-09-05 10:37:18,422 [MainThread  ] [INFO ]  http://www.vendor9.fr/ProductType349
2023-09-05 10:37:18,432 [MainThread  ] [INFO ]  http://www.vendor7.fr/ProductType266
2023-09-05 10:37:18,482 [MainThread  ] [INFO ]  http://www.vendor8.fr/ProductType684
2023-09-05 10:37:18,498 [MainThread  ] [INFO ]  http://www.ratingsite1.fr/ProductType554
2023-09-05 10:37:18,609 [MainThread  ] [INFO ]  http://www.ratingsite8.fr/ProductType298
2023-09-05 10:37:18,612 [MainThread  ] [INFO ]  http://www.ratingsite7.fr/ProductType885
2023-09-05 10:37:18,621 [MainThread  ] [INFO ]  http://www.ratingsite2.fr/ProductType741
2023-09-05 10:37:18,626 [MainThread  ] [INFO ]  http://www.ratingsite6.fr/ProductType625
2023-09-05 10:37:18,641 [MainThread  ] [INFO ]  http://www.ratingsite0.fr/ProductType446
2023-09-05 10:37:18,650 [MainThread  ] [INFO ]  http://www.ratingsite3.fr/ProductType360
2023-09-05 10:37:18,654 [MainThread  ] [INFO ]  http://www.vendor1.fr/ProductType180
2023-09-05 10:37:18,657 [MainThread  ] [INFO ]  http://www.vendor6.fr/ProductType247
2023-09-05 10:37:18,663 [MainThread  ] [INFO ]  http://www.vendor5.fr/ProductType386
2023-09-05 10:37:18,669 [MainThread  ] [INFO ]  http://www.vendor3.fr/ProductType485
2023-09-05 10:37:18,677 [MainThread  ] [INFO ]  http://www.vendor4.fr/ProductType811
2023-09-05 10:37:18,705 [MainThread  ] [INFO ]  http://www.vendor0.fr/ProductType294
2023-09-05 10:37:18,746 [MainThread  ] [INFO ]  http://www.vendor2.fr/ProductType521
2023-09-05 10:37:18,836 [MainThread  ] [INFO ]  http://www.ratingsite4.fr/ProductType11
2023-09-05 10:37:18,847 [MainThread  ] [INFO ]  http://www.ratingsite9.fr/ProductType501
2023-09-05 10:37:18,855 [MainThread  ] [INFO ]  http://www.vendor7.fr/ProductType283
2023-09-05 10:37:18,855 [MainThread  ] [INFO ]  http://www.vendor9.fr/ProductType441
2023-09-05 10:37:18,875 [MainThread  ] [INFO ]  http://www.ratingsite5.fr/ProductType554
2023-09-05 10:37:18,936 [MainThread  ] [INFO ]  http://www.vendor8.fr/ProductType704
2023-09-05 10:37:18,942 [MainThread  ] [INFO ]  http://www.ratingsite1.fr/ProductType597
